<?xml version="1.0" encoding="UTF-8"?>
<testng-results skipped="0" failed="0" ignored="0" total="1" passed="1">
  <reporter-output>
  </reporter-output>
  <suite name="Default suite" duration-ms="146074" started-at="2020-11-02T17:20:32 IST" finished-at="2020-11-02T17:22:58 IST">
    <groups>
    </groups>
    <test name="Default test" duration-ms="146074" started-at="2020-11-02T17:20:32 IST" finished-at="2020-11-02T17:22:58 IST">
      <class name="tests.Tests">
        <test-method status="PASS" signature="closeBrowsers()[pri:0, instance:tests.Tests@7c29daf3]" name="closeBrowsers" is-config="true" duration-ms="21" started-at="2020-11-02T17:20:32 IST" finished-at="2020-11-02T17:20:32 IST">
          <reporter-output>
          </reporter-output>
        </test-method> <!-- closeBrowsers -->
        <test-method status="PASS" signature="EndToEnd_TicketBookingTest()[pri:0, instance:tests.Tests@7c29daf3]" name="EndToEnd_TicketBookingTest" duration-ms="146004" started-at="2020-11-02T17:20:32 IST" finished-at="2020-11-02T17:22:58 IST">
          <reporter-output>
          </reporter-output>
        </test-method> <!-- EndToEnd_TicketBookingTest -->
      </class> <!-- tests.Tests -->
    </test> <!-- Default test -->
  </suite> <!-- Default suite -->
</testng-results>
